[debug] [2021-06-15T16:13:48.770Z] ----------------------------------------------------------------------
[debug] [2021-06-15T16:13:48.771Z] Command:       /opt/homebrew/Cellar/node/16.0.0_1/bin/node /opt/homebrew/bin/firebase deploy
[debug] [2021-06-15T16:13:48.771Z] CLI Version:   9.12.1
[debug] [2021-06-15T16:13:48.772Z] Platform:      darwin
[debug] [2021-06-15T16:13:48.772Z] Node Version:  v16.0.0
[debug] [2021-06-15T16:13:48.772Z] Time:          Tue Jun 15 2021 19:13:48 GMT+0300 (Eastern European Summer Time)
[debug] [2021-06-15T16:13:48.772Z] ----------------------------------------------------------------------
[debug] 
[debug] [2021-06-15T16:13:48.775Z] > command requires scopes: ["email","openid","https://www.googleapis.com/auth/cloudplatformprojects.readonly","https://www.googleapis.com/auth/firebase","https://www.googleapis.com/auth/cloud-platform"]
[debug] [2021-06-15T16:13:48.776Z] > authorizing via signed-in user (cerbugabriel@gmail.com)
[debug] [2021-06-15T16:13:48.776Z] [iam] checking project test-project1234-dd057 for permissions ["cloudconfig.configs.get","cloudconfig.configs.update","datastore.indexes.create","datastore.indexes.delete","datastore.indexes.list","datastore.indexes.update","firebase.projects.get","firebasedatabase.instances.update","firebasehosting.sites.update","firebaserules.releases.create","firebaserules.releases.update","firebaserules.rulesets.create"]
[debug] [2021-06-15T16:13:48.776Z] >>> HTTP REQUEST POST https://cloudresourcemanager.googleapis.com/v1/projects/test-project1234-dd057:testIamPermissions  
 {"permissions":["cloudconfig.configs.get","cloudconfig.configs.update","datastore.indexes.create","datastore.indexes.delete","datastore.indexes.list","datastore.indexes.update","firebase.projects.get","firebasedatabase.instances.update","firebasehosting.sites.update","firebaserules.releases.create","firebaserules.releases.update","firebaserules.rulesets.create"]}
[debug] [2021-06-15T16:13:49.598Z] <<< HTTP RESPONSE 200 {"content-type":"application/json; charset=UTF-8","vary":"X-Origin, Referer, Origin,Accept-Encoding","date":"Tue, 15 Jun 2021 16:13:49 GMT","server":"ESF","cache-control":"private","x-xss-protection":"0","x-frame-options":"SAMEORIGIN","x-content-type-options":"nosniff","server-timing":"gfet4t7; dur=680","alt-svc":"h3=\":443\"; ma=2592000,h3-29=\":443\"; ma=2592000,h3-T051=\":443\"; ma=2592000,h3-Q050=\":443\"; ma=2592000,h3-Q046=\":443\"; ma=2592000,h3-Q043=\":443\"; ma=2592000,quic=\":443\"; ma=2592000; v=\"46,43\"","accept-ranges":"none","transfer-encoding":"chunked"}
[debug] [2021-06-15T16:13:49.601Z] > refreshing access token with scopes: []
[debug] [2021-06-15T16:13:49.601Z] >>> HTTP REQUEST POST https://www.googleapis.com/oauth2/v3/token  
 <request body omitted>
[debug] [2021-06-15T16:13:49.838Z] <<< HTTP RESPONSE 200 {"cache-control":"no-cache, no-store, max-age=0, must-revalidate","expires":"Mon, 01 Jan 1990 00:00:00 GMT","date":"Tue, 15 Jun 2021 16:13:49 GMT","pragma":"no-cache","content-type":"application/json; charset=utf-8","vary":"X-Origin, Referer, Origin,Accept-Encoding","server":"scaffolding on HTTPServer2","x-xss-protection":"0","x-frame-options":"SAMEORIGIN","x-content-type-options":"nosniff","alt-svc":"h3=\":443\"; ma=2592000,h3-29=\":443\"; ma=2592000,h3-T051=\":443\"; ma=2592000,h3-Q050=\":443\"; ma=2592000,h3-Q046=\":443\"; ma=2592000,h3-Q043=\":443\"; ma=2592000,quic=\":443\"; ma=2592000; v=\"46,43\"","accept-ranges":"none","transfer-encoding":"chunked"}
[debug] [2021-06-15T16:13:49.885Z] >>> [apiv2][query] GET https://firebase.googleapis.com/v1beta1/projects/test-project1234-dd057 [none]
[debug] [2021-06-15T16:13:50.147Z] <<< [apiv2][status] GET https://firebase.googleapis.com/v1beta1/projects/test-project1234-dd057 200
[debug] [2021-06-15T16:13:50.147Z] <<< [apiv2][body] GET https://firebase.googleapis.com/v1beta1/projects/test-project1234-dd057 {"projectId":"test-project1234-dd057","projectNumber":"617681415798","displayName":"Test-Project1234","name":"projects/test-project1234-dd057","resources":{"hostingSite":"test-project1234-dd057","realtimeDatabaseInstance":"test-project1234-dd057-default-rtdb","storageBucket":"test-project1234-dd057.appspot.com","locationId":"us-central"},"state":"ACTIVE"}
[debug] [2021-06-15T16:13:50.148Z] >>> [apiv2][query] GET https://firebase.googleapis.com/v1beta1/projects/test-project1234-dd057 [none]
[debug] [2021-06-15T16:13:50.388Z] <<< [apiv2][status] GET https://firebase.googleapis.com/v1beta1/projects/test-project1234-dd057 200
[debug] [2021-06-15T16:13:50.388Z] <<< [apiv2][body] GET https://firebase.googleapis.com/v1beta1/projects/test-project1234-dd057 {"projectId":"test-project1234-dd057","projectNumber":"617681415798","displayName":"Test-Project1234","name":"projects/test-project1234-dd057","resources":{"hostingSite":"test-project1234-dd057","realtimeDatabaseInstance":"test-project1234-dd057-default-rtdb","storageBucket":"test-project1234-dd057.appspot.com","locationId":"us-central"},"state":"ACTIVE"}
[info] 
[info] === Deploying to 'test-project1234-dd057'...
[info] 
[info] i  deploying database, storage, firestore, hosting, remoteconfig 
[info] i  database: checking rules syntax... 
[debug] [2021-06-15T16:13:50.391Z] > refreshing access token with scopes: ["email","https://www.googleapis.com/auth/cloud-platform","https://www.googleapis.com/auth/cloudplatformprojects.readonly","https://www.googleapis.com/auth/firebase","openid"]
[debug] [2021-06-15T16:13:50.391Z] >>> HTTP REQUEST POST https://www.googleapis.com/oauth2/v3/token  
 <request body omitted>
[debug] [2021-06-15T16:13:50.590Z] <<< HTTP RESPONSE 200 {"date":"Tue, 15 Jun 2021 16:13:50 GMT","pragma":"no-cache","cache-control":"no-cache, no-store, max-age=0, must-revalidate","expires":"Mon, 01 Jan 1990 00:00:00 GMT","content-type":"application/json; charset=utf-8","vary":"X-Origin, Referer, Origin,Accept-Encoding","server":"scaffolding on HTTPServer2","x-xss-protection":"0","x-frame-options":"SAMEORIGIN","x-content-type-options":"nosniff","alt-svc":"h3=\":443\"; ma=2592000,h3-29=\":443\"; ma=2592000,h3-T051=\":443\"; ma=2592000,h3-Q050=\":443\"; ma=2592000,h3-Q046=\":443\"; ma=2592000,h3-Q043=\":443\"; ma=2592000,quic=\":443\"; ma=2592000; v=\"46,43\"","accept-ranges":"none","transfer-encoding":"chunked"}
[debug] [2021-06-15T16:13:50.637Z] >>> HTTP REQUEST GET https://firebasedatabase.googleapis.com/v1beta/projects/test-project1234-dd057/locations/-/instances/test-project1234-dd057-default-rtdb  
 
[debug] [2021-06-15T16:13:51.004Z] <<< HTTP RESPONSE 200 {"content-type":"application/json; charset=UTF-8","vary":"X-Origin, Referer, Origin,Accept-Encoding","date":"Tue, 15 Jun 2021 16:13:51 GMT","server":"ESF","cache-control":"private","x-xss-protection":"0","x-frame-options":"SAMEORIGIN","x-content-type-options":"nosniff","alt-svc":"h3=\":443\"; ma=2592000,h3-29=\":443\"; ma=2592000,h3-T051=\":443\"; ma=2592000,h3-Q050=\":443\"; ma=2592000,h3-Q046=\":443\"; ma=2592000,h3-Q043=\":443\"; ma=2592000,quic=\":443\"; ma=2592000; v=\"46,43\"","accept-ranges":"none","transfer-encoding":"chunked"}
[debug] [2021-06-15T16:13:51.007Z] >>> HTTP REQUEST PUT https://test-project1234-dd057-default-rtdb.firebaseio.com/.settings/rules.json?dryRun=true  
 {
  "rules": {
    ".read": "now < 1626296400000",  // 2021-7-15
    ".write": "now < 1626296400000",  // 2021-7-15
  }
}
[debug] [2021-06-15T16:13:51.527Z] <<< HTTP RESPONSE 200 {"server":"nginx","date":"Tue, 15 Jun 2021 16:13:51 GMT","content-type":"application/json; charset=utf-8","content-length":"15","connection":"keep-alive","access-control-allow-origin":"*","cache-control":"no-cache","strict-transport-security":"max-age=31556926; includeSubDomains; preload"}
[info] ✔  database: rules syntax for database test-project1234-dd057-default-rtdb is valid 
[debug] [2021-06-15T16:13:51.529Z] >>> HTTP REQUEST GET https://appengine.googleapis.com/v1/apps/test-project1234-dd057  
 
[debug] [2021-06-15T16:13:52.031Z] <<< HTTP RESPONSE 200 {"content-type":"application/json; charset=UTF-8","vary":"X-Origin, Referer, Origin,Accept-Encoding","date":"Tue, 15 Jun 2021 16:13:52 GMT","server":"ESF","cache-control":"private","x-xss-protection":"0","x-frame-options":"SAMEORIGIN","x-content-type-options":"nosniff","alt-svc":"h3=\":443\"; ma=2592000,h3-29=\":443\"; ma=2592000,h3-T051=\":443\"; ma=2592000,h3-Q050=\":443\"; ma=2592000,h3-Q046=\":443\"; ma=2592000,h3-Q043=\":443\"; ma=2592000,quic=\":443\"; ma=2592000; v=\"46,43\"","accept-ranges":"none","transfer-encoding":"chunked"}
[info] i  firebase.storage: checking storage.rules for compilation errors... 
[debug] [2021-06-15T16:13:52.033Z] >>> HTTP REQUEST POST https://firebaserules.googleapis.com/v1/projects/test-project1234-dd057:test  
 {"source":{"files":[{"name":"storage.rules","content":"rules_version = '2';\nservice firebase.storage {\n  match /b/{bucket}/o {\n    match /{allPaths=**} {\n      allow read, write: if request.auth!=null;\n    }\n  }\n}\n"}]}}
[debug] [2021-06-15T16:13:52.851Z] <<< HTTP RESPONSE 200 {"content-type":"application/json; charset=UTF-8","vary":"X-Origin, Referer, Origin,Accept-Encoding","date":"Tue, 15 Jun 2021 16:13:52 GMT","server":"ESF","cache-control":"private","x-xss-protection":"0","x-frame-options":"SAMEORIGIN","x-content-type-options":"nosniff","alt-svc":"h3=\":443\"; ma=2592000,h3-29=\":443\"; ma=2592000,h3-T051=\":443\"; ma=2592000,h3-Q050=\":443\"; ma=2592000,h3-Q046=\":443\"; ma=2592000,h3-Q043=\":443\"; ma=2592000,quic=\":443\"; ma=2592000; v=\"46,43\"","accept-ranges":"none","transfer-encoding":"chunked"}
[info] ✔  firebase.storage: rules file storage.rules compiled successfully 
[info] i  firestore: reading indexes from firestore.indexes.json... 
[info] i  cloud.firestore: checking firestore.rules for compilation errors... 
[debug] [2021-06-15T16:13:52.854Z] >>> HTTP REQUEST POST https://firebaserules.googleapis.com/v1/projects/test-project1234-dd057:test  
 {"source":{"files":[{"name":"firestore.rules","content":"rules_version = '2';\nservice cloud.firestore {\n  match /databases/{database}/documents {\n    match /{document=**} {\n      allow read, write: if\n          request.time < timestamp.date(2021, 7, 15);\n    }\n  }\n}"}]}}
[debug] [2021-06-15T16:13:53.619Z] <<< HTTP RESPONSE 200 {"content-type":"application/json; charset=UTF-8","vary":"X-Origin, Referer, Origin,Accept-Encoding","date":"Tue, 15 Jun 2021 16:13:53 GMT","server":"ESF","cache-control":"private","x-xss-protection":"0","x-frame-options":"SAMEORIGIN","x-content-type-options":"nosniff","alt-svc":"h3=\":443\"; ma=2592000,h3-29=\":443\"; ma=2592000,h3-T051=\":443\"; ma=2592000,h3-Q050=\":443\"; ma=2592000,h3-Q046=\":443\"; ma=2592000,h3-Q043=\":443\"; ma=2592000,quic=\":443\"; ma=2592000; v=\"46,43\"","accept-ranges":"none","transfer-encoding":"chunked"}
[info] ✔  cloud.firestore: rules file firestore.rules compiled successfully 
[debug] [2021-06-15T16:13:53.623Z] >>> HTTP REQUEST POST https://firebasehosting.googleapis.com/v1beta1/sites/test-project1234-dd057/versions  
 {"config":{},"labels":{"deployment-tool":"cli-firebase"}}
[debug] [2021-06-15T16:13:55.001Z] <<< HTTP RESPONSE 200 {"content-type":"application/json; charset=UTF-8","vary":"X-Origin, Referer, Origin,Accept-Encoding","date":"Tue, 15 Jun 2021 16:13:54 GMT","server":"ESF","cache-control":"private","x-xss-protection":"0","x-frame-options":"SAMEORIGIN","x-content-type-options":"nosniff","alt-svc":"h3=\":443\"; ma=2592000,h3-29=\":443\"; ma=2592000,h3-T051=\":443\"; ma=2592000,h3-Q050=\":443\"; ma=2592000,h3-Q046=\":443\"; ma=2592000,h3-Q043=\":443\"; ma=2592000,quic=\":443\"; ma=2592000; v=\"46,43\"","accept-ranges":"none","transfer-encoding":"chunked"}
[debug] [2021-06-15T16:13:55.005Z] >>> HTTP REQUEST GET https://firebaserules.googleapis.com/v1/projects/test-project1234-dd057/releases?pageSize=10&pageToken=  
 
[debug] [2021-06-15T16:13:55.820Z] <<< HTTP RESPONSE 200 {"content-type":"application/json; charset=UTF-8","vary":"X-Origin, Referer, Origin,Accept-Encoding","date":"Tue, 15 Jun 2021 16:13:55 GMT","server":"ESF","cache-control":"private","x-xss-protection":"0","x-frame-options":"SAMEORIGIN","x-content-type-options":"nosniff","alt-svc":"h3=\":443\"; ma=2592000,h3-29=\":443\"; ma=2592000,h3-T051=\":443\"; ma=2592000,h3-Q050=\":443\"; ma=2592000,h3-Q046=\":443\"; ma=2592000,h3-Q043=\":443\"; ma=2592000,quic=\":443\"; ma=2592000; v=\"46,43\"","accept-ranges":"none","transfer-encoding":"chunked"}
[debug] [2021-06-15T16:13:55.823Z] >>> HTTP REQUEST GET https://firebaserules.googleapis.com/v1/projects/test-project1234-dd057/rulesets/f3338b32-d955-4cc8-8523-9409c0d081db  
 
[debug] [2021-06-15T16:13:56.639Z] <<< HTTP RESPONSE 200 {"content-type":"application/json; charset=UTF-8","vary":"X-Origin, Referer, Origin,Accept-Encoding","date":"Tue, 15 Jun 2021 16:13:56 GMT","server":"ESF","cache-control":"private","x-xss-protection":"0","x-frame-options":"SAMEORIGIN","x-content-type-options":"nosniff","alt-svc":"h3=\":443\"; ma=2592000,h3-29=\":443\"; ma=2592000,h3-T051=\":443\"; ma=2592000,h3-Q050=\":443\"; ma=2592000,h3-Q046=\":443\"; ma=2592000,h3-Q043=\":443\"; ma=2592000,quic=\":443\"; ma=2592000; v=\"46,43\"","accept-ranges":"none","transfer-encoding":"chunked"}
[info] i  storage: latest version of storage.rules already up to date, skipping upload... 
[debug] [2021-06-15T16:13:56.643Z] >>> HTTP REQUEST GET https://firebaserules.googleapis.com/v1/projects/test-project1234-dd057/releases?pageSize=10&pageToken=  
 
[debug] [2021-06-15T16:13:56.644Z] >>> HTTP REQUEST GET https://firestore.googleapis.com/v1/projects/test-project1234-dd057/databases/(default)/collectionGroups/-/indexes  
 
[debug] [2021-06-15T16:13:57.458Z] <<< HTTP RESPONSE 200 {"content-type":"application/json; charset=UTF-8","vary":"X-Origin, Referer, Origin,Accept-Encoding","date":"Tue, 15 Jun 2021 16:13:57 GMT","server":"ESF","cache-control":"private","x-xss-protection":"0","x-frame-options":"SAMEORIGIN","x-content-type-options":"nosniff","alt-svc":"h3=\":443\"; ma=2592000,h3-29=\":443\"; ma=2592000,h3-T051=\":443\"; ma=2592000,h3-Q050=\":443\"; ma=2592000,h3-Q046=\":443\"; ma=2592000,h3-Q043=\":443\"; ma=2592000,quic=\":443\"; ma=2592000; v=\"46,43\"","accept-ranges":"none","transfer-encoding":"chunked"}
[debug] [2021-06-15T16:13:57.459Z] >>> HTTP REQUEST GET https://firebaserules.googleapis.com/v1/projects/test-project1234-dd057/rulesets/089991a8-1f05-4d20-8745-40b1536aa95d  
 
[debug] [2021-06-15T16:13:57.566Z] <<< HTTP RESPONSE 200 {"content-type":"application/json; charset=UTF-8","vary":"X-Origin, Referer, Origin,Accept-Encoding","date":"Tue, 15 Jun 2021 16:13:57 GMT","server":"ESF","cache-control":"private","x-xss-protection":"0","x-frame-options":"SAMEORIGIN","x-content-type-options":"nosniff","alt-svc":"h3=\":443\"; ma=2592000,h3-29=\":443\"; ma=2592000,h3-T051=\":443\"; ma=2592000,h3-Q050=\":443\"; ma=2592000,h3-Q046=\":443\"; ma=2592000,h3-Q043=\":443\"; ma=2592000,quic=\":443\"; ma=2592000; v=\"46,43\"","accept-ranges":"none","transfer-encoding":"chunked"}
[debug] [2021-06-15T16:13:57.566Z] >>> HTTP REQUEST GET https://firestore.googleapis.com/v1/projects/test-project1234-dd057/databases/(default)/collectionGroups/-/fields?filter=indexConfig.usesAncestorConfig=false  
 
[debug] [2021-06-15T16:13:58.278Z] <<< HTTP RESPONSE 200 {"content-type":"application/json; charset=UTF-8","vary":"X-Origin, Referer, Origin,Accept-Encoding","date":"Tue, 15 Jun 2021 16:13:58 GMT","server":"ESF","cache-control":"private","x-xss-protection":"0","x-frame-options":"SAMEORIGIN","x-content-type-options":"nosniff","alt-svc":"h3=\":443\"; ma=2592000,h3-29=\":443\"; ma=2592000,h3-T051=\":443\"; ma=2592000,h3-Q050=\":443\"; ma=2592000,h3-Q046=\":443\"; ma=2592000,h3-Q043=\":443\"; ma=2592000,quic=\":443\"; ma=2592000; v=\"46,43\"","accept-ranges":"none","transfer-encoding":"chunked"}
[info] i  firestore: latest version of firestore.rules already up to date, skipping upload... 
